{
  "RSpec": {
    "coverage": {
      "/Users/mac/Works/iwa-test/config/environment.rb": {
        "lines": [
          null,
          1,
          null,
          null,
          1
        ]
      },
      "/Users/mac/Works/iwa-test/config/application.rb": {
        "lines": [
          1,
          null,
          1,
          null,
          1,
          1,
          1,
          1,
          1,
          1,
          1,
          1,
          1,
          1,
          null,
          1,
          null,
          null,
          null,
          1,
          null,
          1,
          1,
          null,
          1,
          null,
          null,
          null,
          null,
          null,
          null,
          null,
          null,
          null,
          1,
          null,
          1,
          1,
          null,
          null
        ]
      },
      "/Users/mac/Works/iwa-test/config/boot.rb": {
        "lines": [
          1,
          null,
          1,
          1
        ]
      },
      "/Users/mac/Works/iwa-test/config/environments/test.rb": {
        "lines": [
          null,
          null,
          null,
          null,
          null,
          1,
          null,
          null,
          1,
          null,
          null,
          null,
          null,
          1,
          null,
          null,
          1,
          1,
          null,
          null,
          null,
          null,
          1,
          1,
          1,
          null,
          null,
          1,
          null,
          null,
          1,
          null,
          null,
          1,
          null,
          1,
          null,
          null,
          null,
          null,
          1,
          null,
          null,
          1,
          null,
          null,
          null,
          null
        ]
      },
      "/Users/mac/Works/iwa-test/config/initializers/application_controller_renderer.rb": {
        "lines": [
          null,
          null,
          null,
          null,
          null,
          null,
          null,
          null
        ]
      },
      "/Users/mac/Works/iwa-test/config/initializers/backtrace_silencers.rb": {
        "lines": [
          null,
          null,
          null,
          null,
          null,
          null,
          null
        ]
      },
      "/Users/mac/Works/iwa-test/config/initializers/cors.rb": {
        "lines": [
          null,
          null,
          null,
          null,
          null,
          null,
          null,
          1,
          1,
          1,
          null,
          1,
          null,
          null,
          null,
          null,
          null
        ]
      },
      "/Users/mac/Works/iwa-test/config/initializers/filter_parameter_logging.rb": {
        "lines": [
          null,
          null,
          null,
          1
        ]
      },
      "/Users/mac/Works/iwa-test/config/initializers/inflections.rb": {
        "lines": [
          null,
          null,
          null,
          null,
          null,
          null,
          null,
          null,
          null,
          null,
          null,
          null,
          null,
          null,
          null,
          null
        ]
      },
      "/Users/mac/Works/iwa-test/config/initializers/mime_types.rb": {
        "lines": [
          null,
          null,
          null,
          null
        ]
      },
      "/Users/mac/Works/iwa-test/config/initializers/wrap_parameters.rb": {
        "lines": [
          null,
          null,
          null,
          null,
          null,
          null,
          1,
          2,
          null,
          null,
          null,
          null,
          null,
          null
        ]
      },
      "/Users/mac/Works/iwa-test/spec/factories/answers.rb": {
        "lines": [
          1,
          1,
          82,
          null,
          null
        ]
      },
      "/Users/mac/Works/iwa-test/spec/factories/assignments.rb": {
        "lines": [
          1,
          1,
          10,
          10,
          null,
          1,
          9,
          null,
          null,
          null
        ]
      },
      "/Users/mac/Works/iwa-test/spec/factories/questions.rb": {
        "lines": [
          1,
          1,
          28,
          28,
          null,
          1,
          27,
          null,
          null,
          null
        ]
      },
      "/Users/mac/Works/iwa-test/spec/factories/users.rb": {
        "lines": [
          1,
          1,
          13,
          13,
          13,
          13,
          null,
          null
        ]
      },
      "/Users/mac/Works/iwa-test/config/routes.rb": {
        "lines": [
          1,
          null,
          1,
          1,
          1,
          1,
          null,
          null,
          1,
          1,
          null,
          null,
          1,
          1,
          1,
          null,
          null,
          null
        ]
      },
      "/Users/mac/Works/iwa-test/spec/support/api_schema_matcher.rb": {
        "lines": [
          1,
          3,
          3,
          3,
          3,
          null,
          null
        ]
      },
      "/Users/mac/Works/iwa-test/spec/support/controller_spec_helper.rb": {
        "lines": [
          1,
          1,
          8,
          null,
          null,
          null,
          1,
          1,
          null,
          null
        ]
      },
      "/Users/mac/Works/iwa-test/spec/support/shoulda_matchers.rb": {
        "lines": [
          1,
          null,
          1,
          1,
          1,
          1,
          null,
          null
        ]
      },
      "/Users/mac/Works/iwa-test/spec/support/database_cleaner.rb": {
        "lines": [
          1,
          1,
          null,
          1,
          1,
          0,
          null,
          null,
          null,
          null,
          null,
          null,
          null,
          null,
          null,
          null,
          null,
          null,
          null,
          null,
          null,
          null,
          null,
          1,
          1,
          null,
          null,
          1,
          29,
          null,
          null,
          1,
          null,
          null,
          0,
          null,
          0,
          0,
          null,
          null,
          null,
          null,
          0,
          null,
          null,
          null,
          1,
          29,
          null,
          null,
          1,
          29,
          null,
          null
        ]
      },
      "/Users/mac/Works/iwa-test/app/controllers/api/v1/assignments/tests_controller.rb": {
        "lines": [
          1,
          1,
          1,
          1,
          2,
          2,
          2,
          2,
          2,
          2,
          2,
          null,
          null,
          1,
          2,
          2,
          2,
          2,
          null,
          null,
          1,
          2,
          2,
          2,
          2,
          null,
          null,
          1,
          1,
          2,
          null,
          null,
          null,
          null
        ]
      },
      "/Users/mac/Works/iwa-test/app/controllers/api/v1/base_controller.rb": {
        "lines": [
          1,
          1,
          1,
          1,
          1,
          null,
          null,
          null
        ]
      },
      "/Users/mac/Works/iwa-test/app/controllers/application_controller.rb": {
        "lines": [
          1,
          1,
          1,
          null,
          1,
          1,
          null,
          1,
          null,
          1,
          1,
          9,
          null,
          null,
          1,
          6,
          null,
          null
        ]
      },
      "/Users/mac/Works/iwa-test/app/controllers/concerns/response.rb": {
        "lines": [
          1,
          1,
          9,
          null,
          null
        ]
      },
      "/Users/mac/Works/iwa-test/app/controllers/concerns/exception_handler.rb": {
        "lines": [
          1,
          1,
          null,
          null,
          1,
          1,
          1,
          1,
          1,
          null,
          1,
          null,
          1,
          1,
          1,
          1,
          1,
          1,
          1,
          null,
          1,
          0,
          null,
          null,
          null,
          1,
          null,
          null,
          1,
          3,
          null,
          null,
          null,
          1,
          0,
          null,
          null,
          1,
          0,
          null,
          null
        ]
      },
      "/Users/mac/Works/iwa-test/spec/models/answer_spec.rb": {
        "lines": [
          1,
          null,
          null,
          1,
          2,
          2,
          null
        ]
      },
      "/Users/mac/Works/iwa-test/app/models/answer.rb": {
        "lines": [
          1,
          1,
          null,
          1,
          null
        ]
      },
      "/Users/mac/Works/iwa-test/app/models/application_record.rb": {
        "lines": [
          1,
          1,
          null
        ]
      },
      "/Users/mac/Works/iwa-test/spec/models/assignment_spec.rb": {
        "lines": [
          1,
          null,
          null,
          1,
          2,
          2,
          2,
          null
        ]
      },
      "/Users/mac/Works/iwa-test/app/models/assignment.rb": {
        "lines": [
          1,
          1,
          null,
          1,
          1,
          null
        ]
      },
      "/Users/mac/Works/iwa-test/spec/models/question_spec.rb": {
        "lines": [
          1,
          null,
          null,
          1,
          2,
          2,
          2,
          null
        ]
      },
      "/Users/mac/Works/iwa-test/app/models/question.rb": {
        "lines": [
          1,
          1,
          null,
          1,
          1,
          null
        ]
      },
      "/Users/mac/Works/iwa-test/spec/models/user_spec.rb": {
        "lines": [
          1,
          null,
          null,
          1,
          null,
          null,
          2,
          2,
          2,
          2,
          2,
          null
        ]
      },
      "/Users/mac/Works/iwa-test/app/models/user.rb": {
        "lines": [
          1,
          1,
          1,
          null,
          1,
          null,
          1,
          1,
          null,
          1,
          null
        ]
      },
      "/Users/mac/Works/iwa-test/spec/services/authorized_services/api_request_spec.rb": {
        "lines": [
          1,
          null,
          1,
          3,
          2,
          2,
          null,
          null,
          null,
          1,
          1,
          1,
          1,
          1,
          null,
          null,
          null,
          1,
          1,
          1,
          2,
          null,
          null,
          null,
          null,
          1,
          1,
          1,
          null,
          null,
          1,
          2,
          null,
          null,
          null,
          null,
          1,
          2,
          null,
          1,
          2,
          null,
          null,
          null,
          null,
          null,
          null,
          null,
          1,
          2,
          null,
          1,
          2,
          null,
          null,
          null,
          null,
          null,
          null,
          null,
          null,
          null
        ]
      },
      "/Users/mac/Works/iwa-test/app/services/authorized_services/api_request.rb": {
        "lines": [
          1,
          1,
          1,
          14,
          null,
          null,
          1,
          null,
          14,
          null,
          null,
          null,
          1,
          1,
          null,
          1,
          14,
          null,
          1,
          null,
          1,
          null,
          null,
          null,
          1,
          14,
          null,
          null,
          1,
          14,
          4,
          null,
          null,
          null
        ]
      },
      "/Users/mac/Works/iwa-test/spec/services/authorized_services/authentication_user_spec.rb": {
        "lines": [
          1,
          null,
          1,
          null,
          2,
          2,
          2,
          null,
          1,
          1,
          1,
          1,
          1,
          null,
          null,
          null,
          1,
          1,
          2,
          null,
          null,
          null,
          null,
          null,
          null,
          null,
          null
        ]
      },
      "/Users/mac/Works/iwa-test/app/services/authorized_services/authentication.rb": {
        "lines": [
          1,
          1,
          1,
          null,
          1,
          2,
          2,
          null,
          null,
          1,
          2,
          1,
          null,
          null,
          1,
          1,
          null,
          1,
          null,
          1,
          null,
          null,
          null,
          null,
          null,
          1,
          0,
          null,
          null,
          1,
          5,
          2,
          2,
          1,
          null,
          1,
          null,
          null,
          null,
          null,
          null
        ]
      },
      "/Users/mac/Works/iwa-test/app/services/json_web_token.rb": {
        "lines": [
          1,
          1,
          1,
          null,
          1,
          10,
          10,
          null,
          null,
          1,
          10,
          8,
          null,
          2,
          null,
          null
        ]
      },
      "/Users/mac/Works/iwa-test/app/models/ability.rb": {
        "lines": [
          1,
          1,
          null,
          1,
          null,
          null,
          6,
          6,
          null,
          0,
          null,
          null,
          null,
          null,
          null,
          null,
          null,
          null,
          null,
          null,
          null,
          null,
          null,
          null,
          null,
          null,
          null,
          null,
          null,
          null,
          null,
          null,
          null
        ]
      },
      "/Users/mac/Works/iwa-test/app/serializer/api/v1/assignments/test_serializer.rb": {
        "lines": [
          1,
          1,
          1,
          1,
          null,
          1,
          null,
          1,
          4,
          null,
          null,
          1,
          4,
          null,
          12,
          null,
          null,
          null,
          null,
          36,
          null,
          null,
          null,
          null,
          null,
          null,
          null,
          null,
          null,
          null
        ]
      },
      "/Users/mac/Works/iwa-test/app/serializer/api/v1/assignments/result_serializer.rb": {
        "lines": [
          1,
          1,
          1,
          1,
          null,
          1,
          null,
          1,
          2,
          null,
          6,
          null,
          null,
          null,
          null,
          18,
          null,
          null,
          null,
          null,
          null,
          null,
          null,
          null,
          null,
          null
        ]
      }
    },
    "timestamp": 1582162206
  }
}
